{"level":"info","message":"Starting assets export","timestamp":"2021-09-09T07:05:17.559Z"}
{"level":"info","message":"Downloaded combined-shape_(1).png: blt71f716156915204f successfully!","timestamp":"2021-09-09T07:05:26.658Z"}
{"level":"info","message":"Downloaded combined-shape.png: blt839c59d5f9577227 successfully!","timestamp":"2021-09-09T07:05:26.659Z"}
{"level":"info","message":"Downloaded combined-shape_(2).png: blt9b1bf7815d29eb73 successfully!","timestamp":"2021-09-09T07:05:26.668Z"}
{"level":"info","message":"Downloaded combined-shape_(3).png: blt03cf8c0fcce5b48a successfully!","timestamp":"2021-09-09T07:05:27.101Z"}
{"level":"info","message":"Downloaded redirect.html: blt52468c3ad0c05533 successfully!","timestamp":"2021-09-09T07:05:27.473Z"}
{"level":"info","message":"Downloaded sign.PNG: bltcfbdfeaffed349f0 successfully!","timestamp":"2021-09-09T07:05:28.584Z"}
{"level":"info","message":"Downloaded lp-banner-2.jpg: blt8b03aa347ac26a43 successfully!","timestamp":"2021-09-09T07:05:28.720Z"}
{"level":"info","message":"Downloaded small_4.png: bltb63162dbf6521efe successfully!","timestamp":"2021-09-09T07:05:28.728Z"}
{"level":"info","message":"Downloaded lp-banner-1.jpg: bltfd66ce347a0882a9 successfully!","timestamp":"2021-09-09T07:05:29.040Z"}
{"level":"info","message":"Downloaded Danner_Mountain_Light.png: blt64d32022e98a50d3 successfully!","timestamp":"2021-09-09T07:05:29.193Z"}
{"level":"info","message":"Downloaded banner-3.png: bltef0bc8425194b78f successfully!","timestamp":"2021-09-09T07:05:30.346Z"}
{"level":"info","message":"Downloaded small_5.png: blt1344564e526113fd successfully!","timestamp":"2021-09-09T07:05:30.821Z"}
{"level":"info","message":"Downloaded dummy-719x401-Utrecht.jpg: bltf472766e6a4b7d69 successfully!","timestamp":"2021-09-09T07:05:30.862Z"}
{"level":"info","message":"Downloaded big_4.png: bltc8e21962f70897a5 successfully!","timestamp":"2021-09-09T07:05:31.023Z"}
{"level":"info","message":"Downloaded small_2.png: blt082466055ee63036 successfully!","timestamp":"2021-09-09T07:05:32.798Z"}
{"level":"info","message":"Downloaded big_3.png: blt973cc6b3b446d621 successfully!","timestamp":"2021-09-09T07:05:32.899Z"}
{"level":"info","message":"Downloaded The_Great_Outdoor.jpg: blt34454e7bd847a751 successfully!","timestamp":"2021-09-09T07:05:33.290Z"}
{"level":"info","message":"Downloaded big_1.png: bltfe41c666afdd12fd successfully!","timestamp":"2021-09-09T07:05:33.422Z"}
{"level":"info","message":"Downloaded big_2.png: blt216919908e4db2a3 successfully!","timestamp":"2021-09-09T07:05:33.803Z"}
{"level":"info","message":"Downloaded Travel_by_Train.jpg: bltbfb53dce4bf0bd6f successfully!","timestamp":"2021-09-09T07:05:34.603Z"}
{"level":"info","message":"Batch no 1 of assets is complete","timestamp":"2021-09-09T07:05:34.605Z"}
{"level":"info","message":"Downloaded Start-a-blog-1024x605.jpg: blt0bb8bde05be1ef80 successfully!","timestamp":"2021-09-09T07:05:37.608Z"}
{"level":"info","message":"Downloaded MVMT_Cloud_Silver_(2).png: bltb63c5cbc947844d4 successfully!","timestamp":"2021-09-09T07:05:37.657Z"}
{"level":"info","message":"Downloaded Buffalo_Jackson_Denver_Duffle_(1).png: bltb91d4cfe53c1356b successfully!","timestamp":"2021-09-09T07:05:37.955Z"}
{"level":"info","message":"Batch no 81 of assets is complete","timestamp":"2021-09-09T07:05:37.956Z"}
{"level":"info","message":"Downloaded New_Wayfarer_Sunglasses_(2).png: blt34cecea277fce356 successfully!","timestamp":"2021-09-09T07:05:41.515Z"}
{"level":"info","message":"Downloaded Viberg_Calfskin_Chelsae_(1).png: bltb3540292f428a9ad successfully!","timestamp":"2021-09-09T07:05:41.530Z"}
{"level":"info","message":"Downloaded Unimatic_U1-E_Diver_(2).png: blt7073ddab77d5d2db successfully!","timestamp":"2021-09-09T07:05:41.632Z"}
{"level":"info","message":"Downloaded Golden_Bear_Steerhide_Moto_(2).png: blt8881e3fd7efa3889 successfully!","timestamp":"2021-09-09T07:05:42.314Z"}
{"level":"info","message":"Downloaded Golden_Bear_Steerhide_Moto_(3).png: blt219731602ae0e670 successfully!","timestamp":"2021-09-09T07:05:42.760Z"}
{"level":"info","message":"Downloaded Danner_Mountain_Light_(1).png: blt5926664195335cba successfully!","timestamp":"2021-09-09T07:05:43.259Z"}
{"level":"info","message":"Downloaded Taylor_Stitch_Mendocino_Peacoat_(2).png: blt49452b50fcc90380 successfully!","timestamp":"2021-09-09T07:05:43.403Z"}
{"level":"info","message":"Downloaded Danner_Mountain_Light_F(1).png: blt4c3f3ae7330f08cb successfully!","timestamp":"2021-09-09T07:05:43.690Z"}
{"level":"info","message":"Downloaded Danner_Mountain_Light_(2).png: bltd81dd6b0657a04be successfully!","timestamp":"2021-09-09T07:05:43.913Z"}
{"level":"info","message":"Downloaded Danner_Mountain_Light_F(2).png: blt486c31798b50d705 successfully!","timestamp":"2021-09-09T07:05:44.429Z"}
{"level":"info","message":"Downloaded Buffalo_Jackson_Denver_Duffle_(2).png: bltc7fc53b953db9d13 successfully!","timestamp":"2021-09-09T07:05:44.919Z"}
{"level":"info","message":"Downloaded MVMT_Cloud_Silver_(1).png: bltfc4e0fe12496733a successfully!","timestamp":"2021-09-09T07:05:45.239Z"}
{"level":"info","message":"Downloaded Danner_Mountain_Light_(3).png: blt277ba8ab55545253 successfully!","timestamp":"2021-09-09T07:05:45.726Z"}
{"level":"info","message":"Downloaded small_1.png: blt60e0b910a3ac8e4b successfully!","timestamp":"2021-09-09T07:05:46.069Z"}
{"level":"info","message":"Downloaded Golden_Bear_Steerhide_Moto_(1).png: blt33ca8f4afcc8b698 successfully!","timestamp":"2021-09-09T07:05:46.505Z"}
{"level":"info","message":"Downloaded big_5.png: blt2447ade42ac8770b successfully!","timestamp":"2021-09-09T07:05:47.010Z"}
{"level":"info","message":"Downloaded Taylor_Stitch_Mendocino_Peacoat_(1).png: blt68becc01b5bdaea2 successfully!","timestamp":"2021-09-09T07:05:47.311Z"}
{"level":"info","message":"Downloaded Buffalo_Jackson_Denver_Duffle_(3).png: blt9de1ed0f546e31f8 successfully!","timestamp":"2021-09-09T07:05:47.424Z"}
{"level":"info","message":"Downloaded Unimatic_U1-E_Diver_(1).png: blt4254fc85760c3ea0 successfully!","timestamp":"2021-09-09T07:05:48.060Z"}
{"level":"info","message":"Batch no 61 of assets is complete","timestamp":"2021-09-09T07:05:48.201Z"}
{"level":"info","message":"Downloaded MVMT_Cloud_Silver_(3).png: blte1e73ea322e92201 successfully!","timestamp":"2021-09-09T07:05:48.200Z"}
{"level":"info","message":"Downloaded Unimatic_U1-E_Diver.png: blt57acaeefc337bd68 successfully!","timestamp":"2021-09-09T07:05:51.495Z"}
{"level":"info","message":"Downloaded shopinstagram.png: blt44215cd7263f3fc8 successfully!","timestamp":"2021-09-09T07:05:51.584Z"}
{"level":"info","message":"Downloaded livingroomcollection.png: blt383d3b549db252cb successfully!","timestamp":"2021-09-09T07:05:51.623Z"}
{"level":"info","message":"Downloaded essentials.png: blt4662f08c25248dce successfully!","timestamp":"2021-09-09T07:05:51.632Z"}
{"level":"info","message":"Downloaded banner-section-2.png: blt2c623ada5e36dde0 successfully!","timestamp":"2021-09-09T07:05:52.736Z"}
{"level":"info","message":"Downloaded MVMT_Rallye_Green_Sandstone_2.png: blteccabffada65846c successfully!","timestamp":"2021-09-09T07:05:53.908Z"}
{"level":"info","message":"Downloaded Unimatic_U1-E_Diver_(3).png: bltb0d3133de1a5d994 successfully!","timestamp":"2021-09-09T07:05:54.070Z"}
{"level":"info","message":"Downloaded Viberg_Calfskin_Chelsae_(2).png: blt7848cf781fd45587 successfully!","timestamp":"2021-09-09T07:05:54.077Z"}
{"level":"info","message":"Downloaded MVMT_Rallye_Green_Sandstone_3.png: blt2f705cacdc5957db successfully!","timestamp":"2021-09-09T07:05:54.219Z"}
{"level":"info","message":"Downloaded Taylor_Stitch_Mendocino_Peacoat_(3).png: blte253300b18a356cd successfully!","timestamp":"2021-09-09T07:05:55.068Z"}
{"level":"info","message":"Downloaded Low-Cut_(2).jpg: blt851cf11c11ee001d successfully!","timestamp":"2021-09-09T07:05:55.616Z"}
{"level":"info","message":"Downloaded Low-Cut_(1).jpg: blte52c254d156fb7a3 successfully!","timestamp":"2021-09-09T07:05:55.877Z"}
{"level":"info","message":"Downloaded New_Wayfarer_Sunglasses_(3).png: blt8bc8e9d1372b03b2 successfully!","timestamp":"2021-09-09T07:05:55.934Z"}
{"level":"info","message":"Downloaded shopinstagram_(3).png: blt35bf73b0bd77613d successfully!","timestamp":"2021-09-09T07:05:56.640Z"}
{"level":"info","message":"Downloaded Viberg_Calfskin_Chelsae_(3).png: bltd8c09ef4b802ee9c successfully!","timestamp":"2021-09-09T07:05:56.803Z"}
{"level":"info","message":"Downloaded Low-Cut.jpg: bltc6b0aa64c7755f3d successfully!","timestamp":"2021-09-09T07:05:57.466Z"}
{"level":"info","message":"Downloaded bitmap.png: blt48c5329648e2301d successfully!","timestamp":"2021-09-09T07:05:57.542Z"}
{"level":"info","message":"Downloaded Danner_Mountain_Light_F(3).png: bltcd15beb96a3ef084 successfully!","timestamp":"2021-09-09T07:05:57.613Z"}
{"level":"info","message":"Downloaded shopinstagram_(4).png: blt798821b8270f5f78 successfully!","timestamp":"2021-09-09T07:05:58.336Z"}
{"level":"info","message":"Downloaded New_Wayfarer_Sunglasses_(1).png: bltb66ac0c17e3201f4 successfully!","timestamp":"2021-09-09T07:05:58.340Z"}
{"level":"info","message":"Batch no 41 of assets is complete","timestamp":"2021-09-09T07:05:58.342Z"}
{"level":"info","message":"Downloaded MVMT_Rallye_Green_Sandstone_1.png: bltdb4d12bb80a458eb successfully!","timestamp":"2021-09-09T07:06:01.962Z"}
{"level":"info","message":"Downloaded MVMT_Rallye_Green_Sandstone_1_(1).png: bltc272649134f087e6 successfully!","timestamp":"2021-09-09T07:06:02.007Z"}
{"level":"info","message":"Downloaded small_3.png: blt5ad1a8fbd0189fc8 successfully!","timestamp":"2021-09-09T07:06:02.127Z"}
{"level":"info","message":"Downloaded group-9.png: bltffa46a14bd46a874 successfully!","timestamp":"2021-09-09T07:06:02.201Z"}
{"level":"info","message":"Downloaded Golden_Bear_Steerhide_Moto.png: bltd09eaf92b027361a successfully!","timestamp":"2021-09-09T07:06:02.283Z"}
{"level":"info","message":"Downloaded shopinstagram_(2).png: blt0fe729a8a46273ee successfully!","timestamp":"2021-09-09T07:06:03.649Z"}
{"level":"info","message":"Downloaded Taylor_Stitch_Mendocino_Peacoat.png: blt26272fce2f8889a8 successfully!","timestamp":"2021-09-09T07:06:03.650Z"}
{"level":"info","message":"Downloaded dapperman.png: bltd85485401d7c99cb successfully!","timestamp":"2021-09-09T07:06:04.055Z"}
{"level":"info","message":"Downloaded giftsforher.png: blt66ead2b3b7b279da successfully!","timestamp":"2021-09-09T07:06:04.604Z"}
{"level":"info","message":"Downloaded Buffalo_Jackson_Denver_Duffle.png: blt760724c97bf0c921 successfully!","timestamp":"2021-09-09T07:06:05.111Z"}
{"level":"info","message":"Downloaded Saint_Laurent_East-West_Tote.png: blt500c35eecd369d63 successfully!","timestamp":"2021-09-09T07:06:05.234Z"}
{"level":"info","message":"Downloaded banner-section-1.png: bltaeba0c5f147b79d6 successfully!","timestamp":"2021-09-09T07:06:05.432Z"}
{"level":"info","message":"Downloaded Danner_Mountain_Light.png: bltc4e22865a915cd99 successfully!","timestamp":"2021-09-09T07:06:05.548Z"}
{"level":"info","message":"Downloaded MVMT_Cloud_Silver.png: blta1233348d516cd43 successfully!","timestamp":"2021-09-09T07:06:06.504Z"}
{"level":"info","message":"Downloaded MVMT_Rallye_Green_Sandstone_1.png: blt70016e7a095e61d1 successfully!","timestamp":"2021-09-09T07:06:06.825Z"}
{"level":"info","message":"Downloaded 5e4b0b.png: blt94b758a2583cb41f successfully!","timestamp":"2021-09-09T07:06:07.244Z"}
{"level":"info","message":"Downloaded dummy-719x401-Map.jpg: bltd378afad721a72ad successfully!","timestamp":"2021-09-09T07:06:07.298Z"}
{"level":"info","message":"Downloaded banner-section-2.png: blte96768fcc868d247 successfully!","timestamp":"2021-09-09T07:06:07.769Z"}
{"level":"info","message":"Downloaded MVMT_Rallye_Green_Sandstone_1_(1).png: blte6118b938cab2d2a successfully!","timestamp":"2021-09-09T07:06:08.083Z"}
{"level":"info","message":"Downloaded New_Wayfarer_Sunglasses_(3).png: blt3455714cbdf73559 successfully!","timestamp":"2021-09-09T07:06:08.667Z"}
{"level":"info","message":"Batch no 21 of assets is complete","timestamp":"2021-09-09T07:06:08.668Z"}
{"level":"info","message":"No folders were found in the stack!","timestamp":"2021-09-09T07:06:10.062Z"}
{"level":"info","message":"\u001b[32mAsset export completed successfully\u001b[39m","timestamp":"2021-09-09T07:06:10.064Z"}
{"level":"info","message":"Starting locale export","timestamp":"2021-09-09T07:06:10.068Z"}
{"level":"info","message":"No languages found except the master language","timestamp":"2021-09-09T07:06:11.477Z"}
{"level":"info","message":"Starting environment export","timestamp":"2021-09-09T07:06:11.487Z"}
{"level":"info","message":"\u001b[32mAll the environments have been exported successfully\u001b[39m","timestamp":"2021-09-09T07:06:12.957Z"}
{"level":"info","message":"Starting extension export","timestamp":"2021-09-09T07:06:12.964Z"}
{"level":"info","message":"\u001b[32mAll the extensions have been exported successfully\u001b[39m","timestamp":"2021-09-09T07:06:14.681Z"}
{"level":"info","message":"Starting webhooks export","timestamp":"2021-09-09T07:06:14.693Z"}
{"level":"info","message":"No webhooks found","timestamp":"2021-09-09T07:06:16.083Z"}
{"level":"info","message":"Starting Global Fields export","timestamp":"2021-09-09T07:06:16.087Z"}
{"level":"info","message":"No global fields found","timestamp":"2021-09-09T07:06:17.470Z"}
{"level":"info","message":"Starting content type export","timestamp":"2021-09-09T07:06:17.474Z"}
{"level":"info","message":"Starting workflow export","timestamp":"2021-09-09T07:06:19.336Z"}
{"level":"info","message":"\u001b[32mContent type(s) exported successfully\u001b[39m","timestamp":"2021-09-09T07:06:19.326Z"}
{"level":"info","message":"No workflow were found in the Stack","timestamp":"2021-09-09T07:06:20.951Z"}
{"level":"info","message":"Starting entry migration","timestamp":"2021-09-09T07:06:20.956Z"}
{"level":"info","message":"Exported entries of category to the en-us language successfully","timestamp":"2021-09-09T07:06:24.227Z"}
{"level":"info","message":"Exported entries of product to the en-us language successfully","timestamp":"2021-09-09T07:06:28.327Z"}
{"level":"info","message":"Exported entries of home_page_new to the en-us language successfully","timestamp":"2021-09-09T07:06:31.806Z"}
{"level":"info","message":"Exported entries of header to the en-us language successfully","timestamp":"2021-09-09T07:06:34.949Z"}
{"level":"info","message":"Entry migration completed successfully","timestamp":"2021-09-09T07:06:34.950Z"}
{"level":"info","message":"Starting labels export","timestamp":"2021-09-09T07:06:34.951Z"}
{"level":"info","message":"No labels found","timestamp":"2021-09-09T07:06:37.260Z"}
{"level":"info","message":"\u001b[32mThe content of the bltc91ab68f0b5e7b84 has been exported succesfully!\u001b[39m","timestamp":"2021-09-09T07:06:37.261Z"}
{"level":"info","message":"The log for this is stored at fin21/logs/export","timestamp":"2021-09-09T07:06:37.262Z"}
