{"level":"info","message":"Migrating languages","timestamp":"2021-09-27T10:27:29.653Z"}
{"level":"info","message":"\u001b[32mLanguages have been imported successfully!\u001b[39m","timestamp":"2021-09-27T10:27:29.660Z"}
{"level":"info","message":"Migrating environment","timestamp":"2021-09-27T10:27:29.663Z"}
{"level":"info","message":"\u001b[32mEnvironments have been imported successfully!\u001b[39m","timestamp":"2021-09-27T10:27:32.101Z"}
{"level":"info","message":"Migrating assets","timestamp":"2021-09-27T10:27:32.109Z"}
{"level":"info","message":"No folders were found at: /home/abhishek/Desktop/Ecommerce app/sample app/contentstack-commercetools-nodejs-demo/_backup_539/assets/folders.json","timestamp":"2021-09-27T10:27:32.111Z"}
{"level":"info","message":"Asset bltf13877a008055ecc published successfully","timestamp":"2021-09-27T10:27:36.338Z"}
{"level":"info","message":"Completed asset import of batch no: 1","timestamp":"2021-09-27T10:27:36.341Z"}
{"level":"info","message":"Asset bltb9d843d7fe77c7ce published successfully","timestamp":"2021-09-27T10:27:39.268Z"}
{"level":"info","message":"Completed asset import of batch no: 42","timestamp":"2021-09-27T10:27:39.272Z"}
{"level":"info","message":"Asset blt41202e4ebdba1865 published successfully","timestamp":"2021-09-27T10:27:44.592Z"}
{"level":"info","message":"Asset blt4d67aa04f3568bff published successfully","timestamp":"2021-09-27T10:27:47.522Z"}
{"level":"info","message":"Completed asset import of batch no: 41","timestamp":"2021-09-27T10:27:47.525Z"}
{"level":"info","message":"Completed asset import of batch no: 40","timestamp":"2021-09-27T10:27:51.092Z"}
{"level":"info","message":"Asset blt0231335b9461c58e published successfully","timestamp":"2021-09-27T10:27:53.912Z"}
{"level":"info","message":"Completed asset import of batch no: 39","timestamp":"2021-09-27T10:27:56.767Z"}
{"level":"info","message":"Asset bltaeefb86a09635927 published successfully","timestamp":"2021-09-27T10:28:01.388Z"}
{"level":"info","message":"Completed asset import of batch no: 38","timestamp":"2021-09-27T10:28:03.294Z"}
{"level":"info","message":"Completed asset import of batch no: 37","timestamp":"2021-09-27T10:28:08.450Z"}
{"level":"info","message":"Asset blt56d512e75771b5e1 published successfully","timestamp":"2021-09-27T10:28:12.333Z"}
{"level":"info","message":"Asset blt2d17c8323fae3dbb published successfully","timestamp":"2021-09-27T10:28:17.252Z"}
{"level":"info","message":"Completed asset import of batch no: 36","timestamp":"2021-09-27T10:28:17.256Z"}
{"level":"info","message":"Asset blt91092fb46f1ea0e5 published successfully","timestamp":"2021-09-27T10:28:20.724Z"}
{"level":"info","message":"Asset bltc33018bfc3cdc74f published successfully","timestamp":"2021-09-27T10:28:25.654Z"}
{"level":"info","message":"Completed asset import of batch no: 35","timestamp":"2021-09-27T10:28:25.655Z"}
{"level":"info","message":"Asset blt7ae30cb20403fc73 published successfully","timestamp":"2021-09-27T10:28:33.642Z"}
{"level":"info","message":"Completed asset import of batch no: 34","timestamp":"2021-09-27T10:28:33.646Z"}
{"level":"info","message":"Asset blt0d65301af8497831 published successfully","timestamp":"2021-09-27T10:28:39.579Z"}
{"level":"info","message":"Completed asset import of batch no: 33","timestamp":"2021-09-27T10:28:39.581Z"}
{"level":"info","message":"Asset blt6483d107d6e7e32a published successfully","timestamp":"2021-09-27T10:28:42.364Z"}
{"level":"info","message":"Asset bltfd76d13030b9fc9d published successfully","timestamp":"2021-09-27T10:28:46.032Z"}
{"level":"info","message":"Completed asset import of batch no: 32","timestamp":"2021-09-27T10:28:46.035Z"}
{"level":"info","message":"Asset blt53882ca1eddb0192 published successfully","timestamp":"2021-09-27T10:28:55.964Z"}
{"level":"info","message":"Completed asset import of batch no: 31","timestamp":"2021-09-27T10:28:55.967Z"}
{"level":"info","message":"Asset blta504405b3b10125e published successfully","timestamp":"2021-09-27T10:28:58.831Z"}
{"level":"info","message":"Asset bltc7c16882037a1bbf published successfully","timestamp":"2021-09-27T10:29:03.319Z"}
{"level":"info","message":"Completed asset import of batch no: 30","timestamp":"2021-09-27T10:29:03.324Z"}
{"level":"info","message":"Asset blt82ff58177664e37f published successfully","timestamp":"2021-09-27T10:29:06.716Z"}
{"level":"info","message":"Completed asset import of batch no: 29","timestamp":"2021-09-27T10:29:12.265Z"}
{"level":"info","message":"Asset blt53ca3a40b5e1da5e published successfully","timestamp":"2021-09-27T10:29:16.036Z"}
{"level":"info","message":"Completed asset import of batch no: 28","timestamp":"2021-09-27T10:29:18.677Z"}
{"level":"info","message":"Asset blt39457fdb3e3c488d published successfully","timestamp":"2021-09-27T10:29:23.203Z"}
{"level":"info","message":"Completed asset import of batch no: 27","timestamp":"2021-09-27T10:29:25.050Z"}
{"level":"info","message":"Asset bltb3b9454b672bd52f published successfully","timestamp":"2021-09-27T10:29:30.164Z"}
{"level":"info","message":"Completed asset import of batch no: 26","timestamp":"2021-09-27T10:29:30.167Z"}
{"level":"info","message":"Asset bltc14aa367c0483d3b published successfully","timestamp":"2021-09-27T10:29:33.136Z"}
{"level":"info","message":"Completed asset import of batch no: 25","timestamp":"2021-09-27T10:29:35.637Z"}
{"level":"info","message":"Asset blt0e3b6f840f895b16 published successfully","timestamp":"2021-09-27T10:29:40.364Z"}
{"level":"info","message":"Completed asset import of batch no: 24","timestamp":"2021-09-27T10:29:43.069Z"}
{"level":"info","message":"Asset blte378f7c791b9198f published successfully","timestamp":"2021-09-27T10:29:46.525Z"}
{"level":"info","message":"Asset blta3e495cf4047054f published successfully","timestamp":"2021-09-27T10:29:49.828Z"}
{"level":"info","message":"Completed asset import of batch no: 23","timestamp":"2021-09-27T10:29:49.832Z"}
{"level":"info","message":"Asset blt0dd68f00e4361efc published successfully","timestamp":"2021-09-27T10:29:53.820Z"}
{"level":"info","message":"Asset blt3504e0eae87bcbd0 published successfully","timestamp":"2021-09-27T10:29:57.410Z"}
{"level":"info","message":"Completed asset import of batch no: 22","timestamp":"2021-09-27T10:29:57.414Z"}
{"level":"info","message":"Completed asset import of batch no: 21","timestamp":"2021-09-27T10:30:06.625Z"}
{"level":"info","message":"Asset bltf426dc0b2dc03513 published successfully","timestamp":"2021-09-27T10:30:14.197Z"}
{"level":"info","message":"Completed asset import of batch no: 20","timestamp":"2021-09-27T10:30:16.528Z"}
{"level":"info","message":"Asset blt99d98af7b65eb3bb published successfully","timestamp":"2021-09-27T10:30:21.674Z"}
{"level":"info","message":"Asset blt9cb0b019559e3786 published successfully","timestamp":"2021-09-27T10:30:25.489Z"}
{"level":"info","message":"Completed asset import of batch no: 19","timestamp":"2021-09-27T10:30:25.492Z"}
{"level":"info","message":"Asset blta42188b25a69ea70 published successfully","timestamp":"2021-09-27T10:30:28.739Z"}
{"level":"info","message":"Completed asset import of batch no: 18","timestamp":"2021-09-27T10:30:31.643Z"}
{"level":"info","message":"Completed asset import of batch no: 17","timestamp":"2021-09-27T10:30:38.614Z"}
{"level":"info","message":"Completed asset import of batch no: 16","timestamp":"2021-09-27T10:30:42.929Z"}
{"level":"info","message":"Asset blt1ff31c57ca35ed3c published successfully","timestamp":"2021-09-27T10:30:50.858Z"}
{"level":"info","message":"Completed asset import of batch no: 15","timestamp":"2021-09-27T10:30:50.861Z"}
{"level":"info","message":"Asset blt3e9bdf99457ca3e2 published successfully","timestamp":"2021-09-27T10:30:56.797Z"}
{"level":"info","message":"Completed asset import of batch no: 14","timestamp":"2021-09-27T10:31:03.763Z"}
{"level":"info","message":"Completed asset import of batch no: 13","timestamp":"2021-09-27T10:31:09.599Z"}
{"level":"info","message":"Asset blte348eb56c42176a0 published successfully","timestamp":"2021-09-27T10:31:16.130Z"}
{"level":"info","message":"Completed asset import of batch no: 12","timestamp":"2021-09-27T10:31:16.133Z"}
{"level":"info","message":"Asset bltec30b8d41374df19 published successfully","timestamp":"2021-09-27T10:31:22.397Z"}
{"level":"info","message":"Completed asset import of batch no: 11","timestamp":"2021-09-27T10:31:22.400Z"}
{"level":"info","message":"Asset blt0adf8f53bf16d43b published successfully","timestamp":"2021-09-27T10:31:30.794Z"}
{"level":"info","message":"Asset bltedda0f57dcdeb6e4 published successfully","timestamp":"2021-09-27T10:31:34.766Z"}
{"level":"info","message":"Completed asset import of batch no: 10","timestamp":"2021-09-27T10:31:34.767Z"}
{"level":"info","message":"Asset blte96607b1830e93dc published successfully","timestamp":"2021-09-27T10:31:38.280Z"}
{"level":"info","message":"Asset blt627fb2012920a145 published successfully","timestamp":"2021-09-27T10:31:44.925Z"}
{"level":"info","message":"Completed asset import of batch no: 9","timestamp":"2021-09-27T10:31:44.926Z"}
{"level":"info","message":"Asset blt31e82a902e7dca7d published successfully","timestamp":"2021-09-27T10:31:49.421Z"}
{"level":"info","message":"Asset bltee52bdadbb73f3d3 published successfully","timestamp":"2021-09-27T10:31:57.603Z"}
{"level":"info","message":"Completed asset import of batch no: 8","timestamp":"2021-09-27T10:31:57.606Z"}
{"level":"info","message":"Asset bltdb3a546d887ab783 published successfully","timestamp":"2021-09-27T10:32:01.361Z"}
{"level":"info","message":"Asset blt8b3b19d0674d8f4a published successfully","timestamp":"2021-09-27T10:32:07.661Z"}
{"level":"info","message":"Completed asset import of batch no: 7","timestamp":"2021-09-27T10:32:07.666Z"}
{"level":"info","message":"Asset blt367cfb6acdafb29a published successfully","timestamp":"2021-09-27T10:32:12.905Z"}
{"level":"info","message":"Asset bltf5c04d8825c2b01c published successfully","timestamp":"2021-09-27T10:32:17.168Z"}
{"level":"info","message":"Completed asset import of batch no: 6","timestamp":"2021-09-27T10:32:17.171Z"}
{"level":"info","message":"Asset blte8f20b5f06bc1ce0 published successfully","timestamp":"2021-09-27T10:32:20.974Z"}
{"level":"info","message":"Asset blt5ed1bdfc3cd6a5f5 published successfully","timestamp":"2021-09-27T10:32:23.842Z"}
{"level":"info","message":"Completed asset import of batch no: 5","timestamp":"2021-09-27T10:32:23.845Z"}
{"level":"info","message":"Asset bltf6f63b6b2191fc81 published successfully","timestamp":"2021-09-27T10:32:29.680Z"}
{"level":"info","message":"Asset bltbe758f14781e2766 published successfully","timestamp":"2021-09-27T10:32:34.692Z"}
{"level":"info","message":"Completed asset import of batch no: 4","timestamp":"2021-09-27T10:32:34.695Z"}
{"level":"info","message":"Asset blt2bb28fe7af8a5d18 published successfully","timestamp":"2021-09-27T10:32:39.047Z"}
{"level":"info","message":"Completed asset import of batch no: 3","timestamp":"2021-09-27T10:32:39.050Z"}
{"level":"info","message":"Completed asset import of batch no: 2","timestamp":"2021-09-27T10:32:42.993Z"}
{"level":"info","message":"\u001b[32m83 assets uploaded successfully!\u001b[39m","timestamp":"2021-09-27T10:32:42.996Z"}
{"level":"info","message":"\u001b[37mMigrating extensions\u001b[39m","timestamp":"2021-09-27T10:32:43.003Z"}
{"level":"info","message":"\u001b[32mExtensions have been imported successfully!\u001b[39m","timestamp":"2021-09-27T10:32:44.635Z"}
{"level":"info","message":"\u001b[37mMigrating webhooks\u001b[39m","timestamp":"2021-09-27T10:32:44.638Z"}
{"level":"info","message":"\u001b[37mNo Webhooks Found\u001b[39m","timestamp":"2021-09-27T10:32:44.639Z"}
{"level":"info","message":"\u001b[37mMigrating global-fields\u001b[39m","timestamp":"2021-09-27T10:32:44.643Z"}
{"level":"info","message":"\u001b[37mNo globalfields Found\u001b[39m","timestamp":"2021-09-27T10:32:44.644Z"}
{"level":"info","message":"Migrating contenttypes","timestamp":"2021-09-27T10:32:44.648Z"}
{"level":"info","message":"category was updated successfully!","timestamp":"2021-09-27T10:32:51.801Z"}
{"level":"info","message":"header was updated successfully!","timestamp":"2021-09-27T10:32:54.159Z"}
{"level":"info","message":"home_page_new was updated successfully!","timestamp":"2021-09-27T10:32:56.369Z"}
{"level":"info","message":"product was updated successfully!","timestamp":"2021-09-27T10:32:58.693Z"}
{"level":"info","message":"\u001b[32mContent types have been imported successfully!\u001b[39m","timestamp":"2021-09-27T10:32:58.695Z"}
{"level":"info","message":"\u001b[37mMigrating workflows\u001b[39m","timestamp":"2021-09-27T10:32:58.709Z"}
{"level":"info","message":"\u001b[32mWorkflows have been imported successfully!\u001b[39m","timestamp":"2021-09-27T10:32:58.713Z"}
{"level":"info","message":"Migrating entries","timestamp":"2021-09-27T10:32:58.732Z"}
{"level":"info","message":"\u001b[37mSuppressing content type fields...\u001b[39m","timestamp":"2021-09-27T10:32:58.733Z"}
{"level":"info","message":"Creating entries for content type category in language en-us ...","timestamp":"2021-09-27T10:32:58.738Z"}
{"level":"info","message":"6 entries created successfully in category content type in en-us locale!","timestamp":"2021-09-27T10:33:06.344Z"}
{"level":"info","message":"Creating entries for content type product in language en-us ...","timestamp":"2021-09-27T10:33:06.349Z"}
{"level":"info","message":"10 entries created successfully in product content type in en-us locale!","timestamp":"2021-09-27T10:33:18.753Z"}
{"level":"info","message":"Creating entries for content type home_page_new in language en-us ...","timestamp":"2021-09-27T10:33:18.754Z"}
{"level":"info","message":"1 entries created successfully in home_page_new content type in en-us locale!","timestamp":"2021-09-27T10:33:19.967Z"}
{"level":"info","message":"Creating entries for content type header in language en-us ...","timestamp":"2021-09-27T10:33:19.973Z"}
{"level":"info","message":"1 entries created successfully in header content type in en-us locale!","timestamp":"2021-09-27T10:33:21.192Z"}
{"level":"info","message":"No entries without mapped uid found!","timestamp":"2021-09-27T10:33:21.195Z"}
{"level":"info","message":"\u001b[32mEntries created successfully in 'en-us' language\u001b[39m","timestamp":"2021-09-27T10:33:21.193Z"}
{"level":"info","message":"Completed re-post entries batch no: 1 successfully!","timestamp":"2021-09-27T10:33:22.526Z"}
{"level":"info","message":"Imported entries of Content Type: 'header' in language: 'en-us' successfully!","timestamp":"2021-09-27T10:33:22.528Z"}
{"level":"info","message":"Completed re-post entries batch no: 1 successfully!","timestamp":"2021-09-27T10:33:25.017Z"}
{"level":"info","message":"Completed re-post entries batch no: 5 successfully!","timestamp":"2021-09-27T10:33:27.469Z"}
{"level":"info","message":"Completed re-post entries batch no: 4 successfully!","timestamp":"2021-09-27T10:33:29.831Z"}
{"level":"info","message":"Completed re-post entries batch no: 3 successfully!","timestamp":"2021-09-27T10:33:32.384Z"}
{"level":"info","message":"Completed re-post entries batch no: 2 successfully!","timestamp":"2021-09-27T10:33:35.532Z"}
{"level":"info","message":"Imported entries of Content Type: 'product' in language: 'en-us' successfully!","timestamp":"2021-09-27T10:33:35.534Z"}
{"level":"info","message":"\u001b[32mImported entries in 'en-us' language successfully!\u001b[39m","timestamp":"2021-09-27T10:33:35.536Z"}
{"level":"info","message":"Successfully imported 'en-us' entries!","timestamp":"2021-09-27T10:33:35.539Z"}
{"level":"info","message":"Re-modified content type schemas to their original form!","timestamp":"2021-09-27T10:33:35.546Z"}
{"level":"info","message":"\u001b[32mThe stack has been eradicated from bugged entries!\u001b[39m","timestamp":"2021-09-27T10:33:35.555Z"}
{"level":"info","message":"\u001b[32mEntries have been imported successfully!\u001b[39m","timestamp":"2021-09-27T10:33:35.557Z"}
{"level":"info","message":"Entry blt33bca934289360a7 published successfully in category content type","timestamp":"2021-09-27T10:33:36.728Z"}
{"level":"info","message":"Entry blt0ac96469a529fa04 published successfully in category content type","timestamp":"2021-09-27T10:33:37.972Z"}
{"level":"info","message":"Entry blt5cb2771ed6bcf69c published successfully in category content type","timestamp":"2021-09-27T10:33:39.321Z"}
{"level":"info","message":"Entry blt073302c68bb3b3f7 published successfully in category content type","timestamp":"2021-09-27T10:33:40.526Z"}
{"level":"info","message":"Entry bltdc1de61897e3a09f published successfully in category content type","timestamp":"2021-09-27T10:33:42.700Z"}
{"level":"info","message":"Entry blt526e34cfde0ddb9b published successfully in category content type","timestamp":"2021-09-27T10:33:43.926Z"}
{"level":"info","message":"Entries published successfully in category content type","timestamp":"2021-09-27T10:33:43.930Z"}
{"level":"info","message":"Entry bltf7b86b8aeb28da50 published successfully in product content type","timestamp":"2021-09-27T10:33:45.167Z"}
{"level":"info","message":"Entry blt06593f89b4b0207d published successfully in product content type","timestamp":"2021-09-27T10:33:46.294Z"}
{"level":"info","message":"Entry blt912a4b73ec3ace96 published successfully in product content type","timestamp":"2021-09-27T10:33:47.612Z"}
{"level":"info","message":"Entry blt98b7b713fc82c887 published successfully in product content type","timestamp":"2021-09-27T10:33:48.773Z"}
{"level":"info","message":"Entry blt38c5b2de6c748ba5 published successfully in product content type","timestamp":"2021-09-27T10:33:50.172Z"}
{"level":"info","message":"Entry blt7ec0e389746cae2e published successfully in product content type","timestamp":"2021-09-27T10:33:51.349Z"}
{"level":"info","message":"Entry blt7f6a22a1a5ba14e9 published successfully in product content type","timestamp":"2021-09-27T10:33:52.623Z"}
{"level":"info","message":"Entry blt46db151f0b8fb105 published successfully in product content type","timestamp":"2021-09-27T10:33:53.962Z"}
{"level":"info","message":"Entry blt2eec3bb34477df60 published successfully in product content type","timestamp":"2021-09-27T10:33:55.293Z"}
{"level":"info","message":"Entry bltceccaa78087a130e published successfully in product content type","timestamp":"2021-09-27T10:33:56.525Z"}
{"level":"info","message":"Entries published successfully in product content type","timestamp":"2021-09-27T10:33:56.528Z"}
{"level":"info","message":"Entry blt12503670f101b3d4 published successfully in home_page_new content type","timestamp":"2021-09-27T10:33:57.750Z"}
{"level":"info","message":"Entries published successfully in home_page_new content type","timestamp":"2021-09-27T10:33:57.753Z"}
{"level":"info","message":"Entry blt620eed3e23743a90 published successfully in header content type","timestamp":"2021-09-27T10:33:59.082Z"}
{"level":"info","message":"Entries published successfully in header content type","timestamp":"2021-09-27T10:33:59.084Z"}
{"level":"info","message":"\u001b[32mAll the entries have been published successfully\u001b[39m","timestamp":"2021-09-27T10:33:59.085Z"}
{"level":"info","message":"\u001b[37mMigrating labels\u001b[39m","timestamp":"2021-09-27T10:33:59.092Z"}
{"level":"info","message":"\u001b[32mLabels have been imported successfully!\u001b[39m","timestamp":"2021-09-27T10:33:59.094Z"}
{"level":"info","message":"\u001b[32mStack: test cm has been imported succesfully!\u001b[39m","timestamp":"2021-09-27T10:33:59.094Z"}
{"level":"info","message":"The log for this is stored at contents/logs/import","timestamp":"2021-09-27T10:33:59.095Z"}
